[0m19:48:46.685130 [debug] [MainThread]: Sending event: {'category': 'dbt', 'action': 'invocation', 'label': 'start', 'context': [<snowplow_tracker.self_describing_json.SelfDescribingJson object at 0x763be32c7a10>, <snowplow_tracker.self_describing_json.SelfDescribingJson object at 0x763be32c6790>, <snowplow_tracker.self_describing_json.SelfDescribingJson object at 0x763be32c4b50>]}


============================== 19:48:46.705102 | 9b126ab1-6dc9-415e-b1a9-9844560b2698 ==============================
[0m19:48:46.705102 [info ] [MainThread]: Running with dbt=1.9.0
[0m19:48:46.711997 [debug] [MainThread]: running dbt with arguments {'printer_width': '80', 'indirect_selection': 'eager', 'log_cache_events': 'False', 'write_json': 'True', 'partial_parse': 'True', 'cache_selected_only': 'False', 'warn_error': 'None', 'version_check': 'True', 'debug': 'False', 'log_path': 'logs', 'profiles_dir': '/home/vscode/.dbt', 'fail_fast': 'False', 'use_colors': 'True', 'use_experimental_parser': 'False', 'no_print': 'None', 'quiet': 'False', 'empty': 'None', 'warn_error_options': 'WarnErrorOptions(include=[], exclude=[])', 'static_parser': 'True', 'introspect': 'True', 'invocation_command': 'dbt init', 'target_path': 'None', 'log_format': 'default', 'send_anonymous_usage_stats': 'True'}
[0m19:48:46.793911 [warn ] [MainThread]: [ConfigFolderDirectory]: Unable to parse logging event dictionary. Failed to parse dir field: expected string or bytes-like object, got 'PosixPath'.. Dictionary: {'dir': PosixPath('/home/vscode/.dbt')}
[0m19:48:46.795011 [info ] [MainThread]: Creating dbt configuration folder at 
[0m19:49:06.768403 [debug] [MainThread]: Starter project path: /home/vscode/.local/lib/python3.11/site-packages/dbt/include/starter_project
[0m19:49:06.777140 [info ] [MainThread]: 
Your new dbt project "lmi" was created!

For more information on how to configure the profiles.yml file,
please consult the dbt documentation here:

  https://docs.getdbt.com/docs/configure-your-profile

One more thing:

Need help? Don't hesitate to reach out to us via GitHub issues or on Slack:

  https://community.getdbt.com/

Happy modeling!

[0m19:49:06.777858 [info ] [MainThread]: Setting up your profile.
[0m19:49:13.378394 [info ] [MainThread]: Profile lmi written to /home/vscode/.dbt/profiles.yml using target's sample configuration. Once updated, you'll be able to start developing with dbt.
[0m19:49:13.380815 [debug] [MainThread]: Resource report: {"command_name": "init", "command_success": true, "command_wall_clock_time": 26.805552, "process_in_blocks": "91376", "process_kernel_time": 0.281559, "process_mem_max_rss": "124932", "process_out_blocks": "72", "process_user_time": 1.316588}
[0m19:49:13.381459 [debug] [MainThread]: Command `dbt init` succeeded at 19:49:13.381351 after 26.81 seconds
[0m19:49:13.381907 [debug] [MainThread]: Sending event: {'category': 'dbt', 'action': 'invocation', 'label': 'end', 'context': [<snowplow_tracker.self_describing_json.SelfDescribingJson object at 0x763be32a7450>, <snowplow_tracker.self_describing_json.SelfDescribingJson object at 0x763be337a390>, <snowplow_tracker.self_describing_json.SelfDescribingJson object at 0x763be32c6790>]}
[0m19:49:13.382389 [debug] [MainThread]: Flushing usage events
[0m19:49:13.606197 [debug] [MainThread]: An error was encountered while trying to flush usage events
[0m19:51:27.783592 [debug] [MainThread]: Sending event: {'category': 'dbt', 'action': 'invocation', 'label': 'start', 'context': [<snowplow_tracker.self_describing_json.SelfDescribingJson object at 0x760d1aa1aa50>, <snowplow_tracker.self_describing_json.SelfDescribingJson object at 0x760d186645d0>, <snowplow_tracker.self_describing_json.SelfDescribingJson object at 0x760d18bf6d10>]}


============================== 19:51:27.789181 | fed381d7-ab87-45b4-be06-3a59083435a0 ==============================
[0m19:51:27.789181 [info ] [MainThread]: Running with dbt=1.9.0
[0m19:51:27.789904 [debug] [MainThread]: running dbt with arguments {'printer_width': '80', 'indirect_selection': 'eager', 'write_json': 'True', 'log_cache_events': 'False', 'partial_parse': 'True', 'cache_selected_only': 'False', 'profiles_dir': '/home/vscode/.dbt', 'debug': 'False', 'fail_fast': 'False', 'log_path': 'logs', 'version_check': 'True', 'warn_error': 'None', 'use_colors': 'True', 'use_experimental_parser': 'False', 'no_print': 'None', 'quiet': 'False', 'empty': 'None', 'log_format': 'default', 'static_parser': 'True', 'introspect': 'True', 'invocation_command': 'dbt debug', 'target_path': 'None', 'warn_error_options': 'WarnErrorOptions(include=[], exclude=[])', 'send_anonymous_usage_stats': 'True'}
[0m19:51:27.798605 [info ] [MainThread]: dbt version: 1.9.0
[0m19:51:27.799232 [info ] [MainThread]: python version: 3.11.10
[0m19:51:27.799684 [info ] [MainThread]: python path: /usr/local/bin/python3.11
[0m19:51:27.800141 [info ] [MainThread]: os info: Linux-6.5.0-1025-azure-x86_64-with-glibc2.36
[0m19:51:27.886253 [info ] [MainThread]: Using profiles dir at /home/vscode/.dbt
[0m19:51:27.886982 [info ] [MainThread]: Using profiles.yml file at /home/vscode/.dbt/profiles.yml
[0m19:51:27.887428 [info ] [MainThread]: Using dbt_project.yml file at /workspaces/industry/dbt_project.yml
[0m19:51:27.889966 [info ] [MainThread]: adapter type: duckdb
[0m19:51:27.890401 [info ] [MainThread]: adapter version: 1.8.4
[0m19:51:27.890886 [info ] [MainThread]: Configuration:
[0m19:51:27.891442 [info ] [MainThread]:   profiles.yml file [[32mOK found and valid[0m]
[0m19:51:27.891971 [info ] [MainThread]:   dbt_project.yml file [[31mERROR not found[0m]
[0m19:51:27.892449 [info ] [MainThread]: Required dependencies:
[0m19:51:27.894373 [debug] [MainThread]: Executing "git --help"
[0m19:51:27.896645 [debug] [MainThread]: STDOUT: "b"usage: git [-v | --version] [-h | --help] [-C <path>] [-c <name>=<value>]\n           [--exec-path[=<path>]] [--html-path] [--man-path] [--info-path]\n           [-p | --paginate | -P | --no-pager] [--no-replace-objects] [--no-lazy-fetch]\n           [--no-optional-locks] [--no-advice] [--bare] [--git-dir=<path>]\n           [--work-tree=<path>] [--namespace=<name>] [--config-env=<name>=<envvar>]\n           <command> [<args>]\n\nThese are common Git commands used in various situations:\n\nstart a working area (see also: git help tutorial)\n   clone     Clone a repository into a new directory\n   init      Create an empty Git repository or reinitialize an existing one\n\nwork on the current change (see also: git help everyday)\n   add       Add file contents to the index\n   mv        Move or rename a file, a directory, or a symlink\n   restore   Restore working tree files\n   rm        Remove files from the working tree and from the index\n\nexamine the history and state (see also: git help revisions)\n   bisect    Use binary search to find the commit that introduced a bug\n   diff      Show changes between commits, commit and working tree, etc\n   grep      Print lines matching a pattern\n   log       Show commit logs\n   show      Show various types of objects\n   status    Show the working tree status\n\ngrow, mark and tweak your common history\n   branch    List, create, or delete branches\n   commit    Record changes to the repository\n   merge     Join two or more development histories together\n   rebase    Reapply commits on top of another base tip\n   reset     Reset current HEAD to the specified state\n   switch    Switch branches\n   tag       Create, list, delete or verify a tag object signed with GPG\n\ncollaborate (see also: git help workflows)\n   fetch     Download objects and refs from another repository\n   pull      Fetch from and integrate with another repository or a local branch\n   push      Update remote refs along with associated objects\n\n'git help -a' and 'git help -g' list available subcommands and some\nconcept guides. See 'git help <command>' or 'git help <concept>'\nto read about a specific subcommand or concept.\nSee 'git help git' for an overview of the system.\n""
[0m19:51:27.897095 [debug] [MainThread]: STDERR: "b''"
[0m19:51:27.897598 [info ] [MainThread]:  - git [[32mOK found[0m]

[0m19:51:27.898059 [info ] [MainThread]: Connection:
[0m19:51:27.898591 [info ] [MainThread]:   database: dev
[0m19:51:27.899870 [info ] [MainThread]:   schema: main
[0m19:51:27.900287 [info ] [MainThread]:   path: dev.duckdb
[0m19:51:27.900732 [info ] [MainThread]:   config_options: None
[0m19:51:27.901169 [info ] [MainThread]:   extensions: None
[0m19:51:27.901608 [info ] [MainThread]:   settings: {}
[0m19:51:27.902034 [info ] [MainThread]:   external_root: .
[0m19:51:27.902493 [info ] [MainThread]:   use_credential_provider: None
[0m19:51:27.903024 [info ] [MainThread]:   attach: None
[0m19:51:27.903548 [info ] [MainThread]:   filesystems: None
[0m19:51:27.904630 [info ] [MainThread]:   remote: None
[0m19:51:27.905077 [info ] [MainThread]:   plugins: None
[0m19:51:27.905526 [info ] [MainThread]:   disable_transactions: False
[0m19:51:27.906152 [info ] [MainThread]: Registered adapter: duckdb=1.8.4
[0m19:51:28.048580 [debug] [MainThread]: Acquiring new duckdb connection 'debug'
[0m19:51:28.088505 [debug] [MainThread]: Using duckdb connection "debug"
[0m19:51:28.089160 [debug] [MainThread]: On debug: select 1 as id
[0m19:51:28.089742 [debug] [MainThread]: Opening a new connection, currently in state init
[0m19:51:28.110952 [debug] [MainThread]: SQL status: OK in 0.021 seconds
[0m19:51:28.112153 [debug] [MainThread]: On debug: Close
[0m19:51:28.113682 [info ] [MainThread]:   Connection test: [[32mOK connection ok[0m]

[0m19:51:28.114189 [info ] [MainThread]: [31m1 check failed:[0m
[0m19:51:28.114696 [info ] [MainThread]: Project loading failed for the following reason:
 project path </workspaces/industry/dbt_project.yml> not found

[0m19:51:28.115808 [debug] [MainThread]: Resource report: {"command_name": "debug", "command_success": false, "command_wall_clock_time": 0.37915292, "process_in_blocks": "4816", "process_kernel_time": 0.3179, "process_mem_max_rss": "139532", "process_out_blocks": "56", "process_user_time": 1.432513}
[0m19:51:28.116402 [debug] [MainThread]: Command `dbt debug` failed at 19:51:28.116299 after 0.38 seconds
[0m19:51:28.116810 [debug] [MainThread]: Connection 'debug' was properly closed.
[0m19:51:28.117237 [debug] [MainThread]: Sending event: {'category': 'dbt', 'action': 'invocation', 'label': 'end', 'context': [<snowplow_tracker.self_describing_json.SelfDescribingJson object at 0x760d18831610>, <snowplow_tracker.self_describing_json.SelfDescribingJson object at 0x760d150c85d0>, <snowplow_tracker.self_describing_json.SelfDescribingJson object at 0x760d1867c590>]}
[0m19:51:28.117712 [debug] [MainThread]: Flushing usage events
[0m19:51:28.376403 [debug] [MainThread]: An error was encountered while trying to flush usage events
